zombie_palette.h
zombie_palette.c
title.h
title.c
fail.h
fail.c
z_0.h
z_0.c
z_1.h
z_1.c
z_2.h
z_2.c
z_3.h
z_3.c
z_4.h
z_4.c
z_5.h
z_5.c
z_6.h
z_6.c
z_7.h
z_7.c
machete.h
machete.c
katana.h
katana.c
grenade.h
grenade.c
c4.h
c4.c
land_mine.h
land_mine.c
the_big_one.h
the_big_one.c
t_bone.h
t_bone.c
turkey.h
turkey.c
horse.h
horse.c
cb_armor.h
cb_armor.c
p_armor.h
p_armor.c
s_armor.h
s_armor.c
camo_armor.h
camo_armor.c
ff_armor.h
ff_armor.c
lw_boots.h
lw_boots.c
hw_boots.h
hw_boots.c
b_frame.h
b_frame.c
f_frame.h
f_frame.c
h1_frame.h
h1_frame.c
unknown.h
unknown.c
gfx.h
